<?xml version="1.0" encoding="UTF-8"?>
<testng-results skipped="0" failed="0" ignored="0" total="1" passed="1">
  <reporter-output>
  </reporter-output>
  <suite name="TestSuite" duration-ms="69471" started-at="2020-08-14T11:52:23Z" finished-at="2020-08-14T11:53:32Z">
    <groups>
    </groups>
    <test name="ChromeTest" duration-ms="69471" started-at="2020-08-14T11:52:23Z" finished-at="2020-08-14T11:53:32Z">
      <class name="testcases.demoblaze.viewProducts">
        <test-method status="PASS" signature="DemoBlaze_TC01_ViewProducts(java.lang.String)[pri:0, instance:testcases.demoblaze.viewProducts@548a9f61]" name="DemoBlaze_TC01_ViewProducts" duration-ms="69431" started-at="2020-08-14T11:52:23Z" finished-at="2020-08-14T11:53:32Z">
          <params>
            <param index="0">
              <value>
                <![CDATA[chrome]]>
              </value>
            </param>
          </params>
          <reporter-output>
          </reporter-output>
        </test-method> <!-- DemoBlaze_TC01_ViewProducts -->
      </class> <!-- testcases.demoblaze.viewProducts -->
    </test> <!-- ChromeTest -->
  </suite> <!-- TestSuite -->
</testng-results>
